<?xml version="1.0" encoding="UTF-8"?>
<!-- Generated by org.testng.reporters.JUnitReportReporter -->
<testsuite hostname="DESKTOP-9QSEPRP" failures="0" tests="4" name="runners.TestRunner" time="7.830" errors="0" timestamp="2024-07-01T02:39:47 EET" skipped="0">
  <testcase classname="runners.TestRunner" name="runScenario" time="0.845"/>
  <system-out/>
  <testcase classname="runners.TestRunner" name="runScenario" time="1.089"/>
  <system-out/>
  <testcase classname="runners.TestRunner" name="runScenario" time="2.829"/>
  <system-out/>
  <testcase classname="runners.TestRunner" name="runScenario" time="3.067"/>
  <system-out/>
</testsuite> <!-- runners.TestRunner -->
